e:\cppproject\webcam\src\mycodec\x64\debug\vc143.pdb
e:\cppproject\webcam\src\mycodec\x64\debug\vc143.idb
e:\cppproject\webcam\src\mycodec\x64\debug\video_view.obj
e:\cppproject\webcam\src\mycodec\x64\debug\tools.obj
e:\cppproject\webcam\src\mycodec\x64\debug\private_sdl.obj
e:\cppproject\webcam\src\mycodec\x64\debug\mux_task.obj
e:\cppproject\webcam\src\mycodec\x64\debug\mux.obj
e:\cppproject\webcam\src\mycodec\x64\debug\main.obj
e:\cppproject\webcam\src\mycodec\x64\debug\encode.obj
e:\cppproject\webcam\src\mycodec\x64\debug\demux_task.obj
e:\cppproject\webcam\src\mycodec\x64\debug\demux.obj
e:\cppproject\webcam\src\mycodec\x64\debug\decode_task.obj
e:\cppproject\webcam\src\mycodec\x64\debug\decode.obj
e:\cppproject\webcam\src\mycodec\x64\debug\baseformat.obj
e:\cppproject\webcam\src\mycodec\x64\debug\basecodec.obj
e:\cppproject\webcam\bin\x64\mycodec.dll
e:\cppproject\webcam\bin\x64\mycodec.pdb
e:\cppproject\webcam\lib\x64\mycodec.lib
e:\cppproject\webcam\lib\x64\mycodec.exp
e:\cppproject\webcam\src\mycodec\x64\debug\mycodec.ilk
e:\cppproject\webcam\src\mycodec\x64\debug\mycodec.tlog\cl.command.1.tlog
e:\cppproject\webcam\src\mycodec\x64\debug\mycodec.tlog\cl.items.tlog
e:\cppproject\webcam\src\mycodec\x64\debug\mycodec.tlog\cl.read.1.tlog
e:\cppproject\webcam\src\mycodec\x64\debug\mycodec.tlog\cl.write.1.tlog
e:\cppproject\webcam\src\mycodec\x64\debug\mycodec.tlog\link.command.1.tlog
e:\cppproject\webcam\src\mycodec\x64\debug\mycodec.tlog\link.read.1.tlog
e:\cppproject\webcam\src\mycodec\x64\debug\mycodec.tlog\link.secondary.1.tlog
e:\cppproject\webcam\src\mycodec\x64\debug\mycodec.tlog\link.write.1.tlog
